  [1m[35m (0.3ms)[0m  [1m[34mSELECT sqlite_version(*)[0m
  [1m[35m (1.1ms)[0m  [1m[35mCREATE TABLE "schema_migrations" ("version" varchar NOT NULL PRIMARY KEY)[0m
  [1m[35m (0.5ms)[0m  [1m[35mCREATE TABLE "ar_internal_metadata" ("key" varchar NOT NULL PRIMARY KEY, "value" varchar, "created_at" datetime NOT NULL, "updated_at" datetime NOT NULL)[0m
  [1m[35m (0.1ms)[0m  [1m[34mSELECT "schema_migrations"."version" FROM "schema_migrations" ORDER BY "schema_migrations"."version" ASC[0m
Migrating to CreateSecrets (20180205224302)
  [1m[35m (0.0ms)[0m  [1m[36mbegin transaction[0m
  [1m[35m (0.3ms)[0m  [1m[35mCREATE TABLE "secrets" ("id" INTEGER PRIMARY KEY AUTOINCREMENT NOT NULL, "content" text, "created_at" datetime NOT NULL, "updated_at" datetime NOT NULL)[0m
  [1m[35mSQL (0.1ms)[0m  [1m[32mINSERT INTO "schema_migrations" ("version") VALUES (?)[0m  [["version", "20180205224302"]]
  [1m[35m (0.4ms)[0m  [1m[36mcommit transaction[0m
  [1m[36mActiveRecord::InternalMetadata Load (0.1ms)[0m  [1m[34mSELECT  "ar_internal_metadata".* FROM "ar_internal_metadata" WHERE "ar_internal_metadata"."key" = ? LIMIT ?[0m  [["key", "environment"], ["LIMIT", 1]]
  [1m[35m (0.0ms)[0m  [1m[36mbegin transaction[0m
  [1m[35mSQL (0.2ms)[0m  [1m[32mINSERT INTO "ar_internal_metadata" ("key", "value", "created_at", "updated_at") VALUES (?, ?, ?, ?)[0m  [["key", "environment"], ["value", "development"], ["created_at", "2018-02-05 22:43:57.105869"], ["updated_at", "2018-02-05 22:43:57.105869"]]
  [1m[35m (0.4ms)[0m  [1m[36mcommit transaction[0m
  [1m[35m (0.1ms)[0m  [1m[34mSELECT "schema_migrations"."version" FROM "schema_migrations" ORDER BY "schema_migrations"."version" ASC[0m
Started GET "/" for 127.0.0.1 at 2018-02-06 09:44:56 +1100
  [1m[35m (0.3ms)[0m  [1m[34mSELECT "schema_migrations"."version" FROM "schema_migrations" ORDER BY "schema_migrations"."version" ASC[0m
Processing by Rails::WelcomeController#index as HTML
  Rendering /Users/textchimp/.rvm/gems/ruby-2.4.1/gems/railties-5.1.4/lib/rails/templates/rails/welcome/index.html.erb
  Rendered /Users/textchimp/.rvm/gems/ruby-2.4.1/gems/railties-5.1.4/lib/rails/templates/rails/welcome/index.html.erb (2.7ms)
Completed 200 OK in 11ms (Views: 7.9ms | ActiveRecord: 0.0ms)


Started GET "/secrets" for 127.0.0.1 at 2018-02-06 09:45:49 +1100
Processing by SecretsController#index as HTML
  Rendering secrets/index.html.erb within layouts/application
  [1m[36mSecret Load (0.4ms)[0m  [1m[34mSELECT "secrets".* FROM "secrets"[0m
  Rendered secrets/index.html.erb within layouts/application (7.8ms)
Completed 200 OK in 463ms (Views: 458.4ms | ActiveRecord: 0.5ms)


Started GET "/secrets/new" for 127.0.0.1 at 2018-02-06 09:45:56 +1100
Processing by SecretsController#new as HTML
  Rendering secrets/new.html.erb within layouts/application
  Rendered secrets/_form.html.erb (18.6ms)
  Rendered secrets/new.html.erb within layouts/application (21.2ms)
Completed 200 OK in 44ms (Views: 38.0ms | ActiveRecord: 0.3ms)


Started POST "/secrets" for 127.0.0.1 at 2018-02-06 09:46:00 +1100
Processing by SecretsController#create as HTML
  Parameters: {"utf8"=>"✓", "authenticity_token"=>"dPQB3LABQ5ROC9bI9KDUhzZRv1+5IlvxUz8miEqgQY3S/00ank4y2hAw8812RiuQRBkds6UQGTS7+KqEtF8WEA==", "secret"=>{"content"=>"I eat paint."}, "commit"=>"Create Secret"}
  [1m[35m (0.1ms)[0m  [1m[36mbegin transaction[0m
  [1m[35mSQL (0.8ms)[0m  [1m[32mINSERT INTO "secrets" ("content", "created_at", "updated_at") VALUES (?, ?, ?)[0m  [["content", "I eat paint."], ["created_at", "2018-02-05 22:46:00.704593"], ["updated_at", "2018-02-05 22:46:00.704593"]]
  [1m[35m (0.6ms)[0m  [1m[36mcommit transaction[0m
Redirected to http://localhost:3000/secrets/1
Completed 302 Found in 5ms (ActiveRecord: 1.5ms)


Started GET "/secrets/1" for 127.0.0.1 at 2018-02-06 09:46:00 +1100
Processing by SecretsController#show as HTML
  Parameters: {"id"=>"1"}
  [1m[36mSecret Load (0.2ms)[0m  [1m[34mSELECT  "secrets".* FROM "secrets" WHERE "secrets"."id" = ? LIMIT ?[0m  [["id", 1], ["LIMIT", 1]]
  Rendering secrets/show.html.erb within layouts/application
  Rendered secrets/show.html.erb within layouts/application (1.0ms)
Completed 200 OK in 27ms (Views: 20.0ms | ActiveRecord: 0.2ms)


Started GET "/secrets" for 127.0.0.1 at 2018-02-06 09:46:01 +1100
Processing by SecretsController#index as HTML
  Rendering secrets/index.html.erb within layouts/application
  [1m[36mSecret Load (0.1ms)[0m  [1m[34mSELECT "secrets".* FROM "secrets"[0m
  Rendered secrets/index.html.erb within layouts/application (2.6ms)
Completed 200 OK in 25ms (Views: 23.3ms | ActiveRecord: 0.1ms)


Started GET "/secrets/new" for 127.0.0.1 at 2018-02-06 09:46:03 +1100
Processing by SecretsController#new as HTML
  Rendering secrets/new.html.erb within layouts/application
  Rendered secrets/_form.html.erb (2.4ms)
  Rendered secrets/new.html.erb within layouts/application (4.2ms)
Completed 200 OK in 25ms (Views: 23.9ms | ActiveRecord: 0.0ms)


Started POST "/secrets" for 127.0.0.1 at 2018-02-06 09:46:20 +1100
Processing by SecretsController#create as HTML
  Parameters: {"utf8"=>"✓", "authenticity_token"=>"rLQf2VN0THCBJcr2NWNk4LNu/4IF4xZy4osoz2uAhY0Kv1MffTs9Pt8e7/O3hZv3wSZdbhnRVLcKTKTDlX/SEA==", "secret"=>{"content"=>"I steal dishcloths from work"}, "commit"=>"Create Secret"}
  [1m[35m (0.0ms)[0m  [1m[36mbegin transaction[0m
  [1m[35mSQL (0.2ms)[0m  [1m[32mINSERT INTO "secrets" ("content", "created_at", "updated_at") VALUES (?, ?, ?)[0m  [["content", "I steal dishcloths from work"], ["created_at", "2018-02-05 22:46:20.613461"], ["updated_at", "2018-02-05 22:46:20.613461"]]
  [1m[35m (0.4ms)[0m  [1m[36mcommit transaction[0m
Redirected to http://localhost:3000/secrets/2
Completed 302 Found in 3ms (ActiveRecord: 0.7ms)


Started GET "/secrets/2" for 127.0.0.1 at 2018-02-06 09:46:20 +1100
Processing by SecretsController#show as HTML
  Parameters: {"id"=>"2"}
  [1m[36mSecret Load (0.1ms)[0m  [1m[34mSELECT  "secrets".* FROM "secrets" WHERE "secrets"."id" = ? LIMIT ?[0m  [["id", 2], ["LIMIT", 1]]
  Rendering secrets/show.html.erb within layouts/application
  Rendered secrets/show.html.erb within layouts/application (0.6ms)
Completed 200 OK in 19ms (Views: 17.2ms | ActiveRecord: 0.1ms)


Started GET "/secrets" for 127.0.0.1 at 2018-02-06 09:46:22 +1100
Processing by SecretsController#index as HTML
  Rendering secrets/index.html.erb within layouts/application
  [1m[36mSecret Load (0.1ms)[0m  [1m[34mSELECT "secrets".* FROM "secrets"[0m
  Rendered secrets/index.html.erb within layouts/application (1.5ms)
Completed 200 OK in 14ms (Views: 12.2ms | ActiveRecord: 0.1ms)


Started GET "/secrets.json" for 127.0.0.1 at 2018-02-06 09:46:39 +1100
Processing by SecretsController#index as JSON
  Rendering secrets/index.json.jbuilder
  [1m[36mSecret Load (0.1ms)[0m  [1m[34mSELECT "secrets".* FROM "secrets"[0m
  Rendered secrets/_secret.json.jbuilder (0.5ms)
  Rendered secrets/_secret.json.jbuilder (0.2ms)
  Rendered secrets/index.json.jbuilder (13.7ms)
Completed 200 OK in 19ms (Views: 17.7ms | ActiveRecord: 0.1ms)


Started GET "/secrets.json" for 127.0.0.1 at 2018-02-06 10:15:33 +1100
Processing by SecretsController#index as JSON
  Rendering secrets/index.json.jbuilder
  [1m[36mSecret Load (0.1ms)[0m  [1m[34mSELECT "secrets".* FROM "secrets"[0m
  Rendered secrets/_secret.json.jbuilder (0.8ms)
  Rendered secrets/_secret.json.jbuilder (0.2ms)
  Rendered secrets/index.json.jbuilder (4.1ms)
Completed 200 OK in 10ms (Views: 7.8ms | ActiveRecord: 0.1ms)


Started GET "/secrets.json" for 127.0.0.1 at 2018-02-06 10:19:52 +1100
  [1m[35m (0.1ms)[0m  [1m[34mSELECT "schema_migrations"."version" FROM "schema_migrations" ORDER BY "schema_migrations"."version" ASC[0m
Processing by SecretsController#index as JSON
  Rendering secrets/index.json.jbuilder
  [1m[36mSecret Load (0.2ms)[0m  [1m[34mSELECT "secrets".* FROM "secrets"[0m
  Rendered secrets/_secret.json.jbuilder (0.7ms)
  Rendered secrets/_secret.json.jbuilder (0.2ms)
  Rendered secrets/index.json.jbuilder (10.3ms)
Completed 200 OK in 20ms (Views: 16.2ms | ActiveRecord: 0.6ms)


Started GET "/secrets.json" for 127.0.0.1 at 2018-02-06 10:21:08 +1100
Processing by SecretsController#index as JSON
  Rendering secrets/index.json.jbuilder
  [1m[36mSecret Load (0.1ms)[0m  [1m[34mSELECT "secrets".* FROM "secrets"[0m
  Rendered secrets/_secret.json.jbuilder (0.6ms)
  Rendered secrets/_secret.json.jbuilder (0.3ms)
  Rendered secrets/index.json.jbuilder (4.1ms)
Completed 200 OK in 10ms (Views: 7.7ms | ActiveRecord: 0.3ms)


Started GET "/secrets.json" for 127.0.0.1 at 2018-02-06 10:23:14 +1100
Processing by SecretsController#index as JSON
  Rendering secrets/index.json.jbuilder
  [1m[36mSecret Load (0.1ms)[0m  [1m[34mSELECT "secrets".* FROM "secrets"[0m
  Rendered secrets/_secret.json.jbuilder (0.5ms)
  Rendered secrets/_secret.json.jbuilder (0.2ms)
  Rendered secrets/index.json.jbuilder (2.8ms)
Completed 200 OK in 9ms (Views: 7.2ms | ActiveRecord: 0.1ms)


Started GET "/secrets.json" for 127.0.0.1 at 2018-02-06 10:23:36 +1100
Processing by SecretsController#index as JSON
  Rendering secrets/index.json.jbuilder
  [1m[36mSecret Load (0.1ms)[0m  [1m[34mSELECT "secrets".* FROM "secrets"[0m
  Rendered secrets/_secret.json.jbuilder (0.6ms)
  Rendered secrets/_secret.json.jbuilder (0.2ms)
  Rendered secrets/index.json.jbuilder (2.7ms)
Completed 200 OK in 8ms (Views: 6.6ms | ActiveRecord: 0.1ms)


Started GET "/secrets" for 127.0.0.1 at 2018-02-06 10:23:48 +1100
Processing by SecretsController#index as HTML
  Rendering secrets/index.html.erb within layouts/application
  [1m[36mSecret Load (0.1ms)[0m  [1m[34mSELECT "secrets".* FROM "secrets"[0m
  Rendered secrets/index.html.erb within layouts/application (9.3ms)
Completed 200 OK in 151ms (Views: 149.9ms | ActiveRecord: 0.1ms)


Started GET "/secrets.json" for 127.0.0.1 at 2018-02-06 10:23:52 +1100
Processing by SecretsController#index as JSON
  Rendering secrets/index.json.jbuilder
  [1m[36mSecret Load (0.2ms)[0m  [1m[34mSELECT "secrets".* FROM "secrets"[0m
  Rendered secrets/_secret.json.jbuilder (0.5ms)
  Rendered secrets/_secret.json.jbuilder (0.2ms)
  Rendered secrets/index.json.jbuilder (2.7ms)
Completed 200 OK in 7ms (Views: 6.1ms | ActiveRecord: 0.2ms)


Started GET "/secrets.json" for 127.0.0.1 at 2018-02-06 10:24:27 +1100
Processing by SecretsController#index as JSON
  Rendering secrets/index.json.jbuilder
  [1m[36mSecret Load (0.1ms)[0m  [1m[34mSELECT "secrets".* FROM "secrets"[0m
  Rendered secrets/_secret.json.jbuilder (0.6ms)
  Rendered secrets/_secret.json.jbuilder (0.2ms)
  Rendered secrets/index.json.jbuilder (3.1ms)
Completed 200 OK in 8ms (Views: 6.6ms | ActiveRecord: 0.1ms)


Started GET "/secrets.json" for 127.0.0.1 at 2018-02-06 10:28:31 +1100
Processing by SecretsController#index as JSON
  Rendering secrets/index.json.jbuilder
  [1m[36mSecret Load (0.2ms)[0m  [1m[34mSELECT "secrets".* FROM "secrets"[0m
  Rendered secrets/_secret.json.jbuilder (0.5ms)
  Rendered secrets/_secret.json.jbuilder (0.2ms)
  Rendered secrets/index.json.jbuilder (2.6ms)
Completed 200 OK in 7ms (Views: 6.1ms | ActiveRecord: 0.2ms)


Started GET "/secrets.json" for 127.0.0.1 at 2018-02-06 10:28:54 +1100
Processing by SecretsController#index as JSON
  Rendering secrets/index.json.jbuilder
  [1m[36mSecret Load (0.1ms)[0m  [1m[34mSELECT "secrets".* FROM "secrets"[0m
  Rendered secrets/_secret.json.jbuilder (0.5ms)
  Rendered secrets/_secret.json.jbuilder (0.2ms)
  Rendered secrets/index.json.jbuilder (2.7ms)
Completed 200 OK in 7ms (Views: 6.1ms | ActiveRecord: 0.1ms)


Started GET "/secrets.json" for 127.0.0.1 at 2018-02-06 10:29:42 +1100
Processing by SecretsController#index as JSON
  Rendering secrets/index.json.jbuilder
  [1m[36mSecret Load (0.1ms)[0m  [1m[34mSELECT "secrets".* FROM "secrets"[0m
  Rendered secrets/_secret.json.jbuilder (0.5ms)
  Rendered secrets/_secret.json.jbuilder (0.2ms)
  Rendered secrets/index.json.jbuilder (2.8ms)
Completed 200 OK in 8ms (Views: 6.4ms | ActiveRecord: 0.1ms)


Started GET "/secrets.json" for 127.0.0.1 at 2018-02-06 10:34:33 +1100
Processing by SecretsController#index as JSON
  Rendering secrets/index.json.jbuilder
  [1m[36mSecret Load (0.1ms)[0m  [1m[34mSELECT "secrets".* FROM "secrets"[0m
  Rendered secrets/_secret.json.jbuilder (0.5ms)
  Rendered secrets/_secret.json.jbuilder (0.2ms)
  Rendered secrets/index.json.jbuilder (3.1ms)
Completed 200 OK in 9ms (Views: 6.8ms | ActiveRecord: 0.1ms)


Started GET "/secrets.json" for 127.0.0.1 at 2018-02-06 10:34:46 +1100
Processing by SecretsController#index as JSON
  Rendering secrets/index.json.jbuilder
  [1m[36mSecret Load (0.1ms)[0m  [1m[34mSELECT "secrets".* FROM "secrets"[0m
  Rendered secrets/_secret.json.jbuilder (0.5ms)
  Rendered secrets/_secret.json.jbuilder (0.2ms)
  Rendered secrets/index.json.jbuilder (2.6ms)
Completed 200 OK in 8ms (Views: 6.3ms | ActiveRecord: 0.1ms)


Started GET "/secrets.json" for 127.0.0.1 at 2018-02-06 10:34:48 +1100
Processing by SecretsController#index as JSON
  Rendering secrets/index.json.jbuilder
  [1m[36mSecret Load (0.1ms)[0m  [1m[34mSELECT "secrets".* FROM "secrets"[0m
  Rendered secrets/_secret.json.jbuilder (0.6ms)
  Rendered secrets/_secret.json.jbuilder (0.2ms)
  Rendered secrets/index.json.jbuilder (3.1ms)
Completed 200 OK in 9ms (Views: 7.1ms | ActiveRecord: 0.1ms)


Started GET "/secrets.json" for 127.0.0.1 at 2018-02-06 10:34:48 +1100
Processing by SecretsController#index as JSON
  Rendering secrets/index.json.jbuilder
  [1m[36mSecret Load (0.1ms)[0m  [1m[34mSELECT "secrets".* FROM "secrets"[0m
  Rendered secrets/_secret.json.jbuilder (0.6ms)
  Rendered secrets/_secret.json.jbuilder (0.2ms)
  Rendered secrets/index.json.jbuilder (3.3ms)
Completed 200 OK in 8ms (Views: 7.0ms | ActiveRecord: 0.1ms)


Started GET "/secrets.json" for 127.0.0.1 at 2018-02-06 10:34:48 +1100
Processing by SecretsController#index as JSON
  Rendering secrets/index.json.jbuilder
  [1m[36mSecret Load (0.1ms)[0m  [1m[34mSELECT "secrets".* FROM "secrets"[0m
  Rendered secrets/_secret.json.jbuilder (0.5ms)
  Rendered secrets/_secret.json.jbuilder (0.2ms)
  Rendered secrets/index.json.jbuilder (2.6ms)
Completed 200 OK in 8ms (Views: 6.8ms | ActiveRecord: 0.1ms)


Started GET "/secrets.json" for 127.0.0.1 at 2018-02-06 10:34:49 +1100
Processing by SecretsController#index as JSON
  Rendering secrets/index.json.jbuilder
  [1m[36mSecret Load (0.1ms)[0m  [1m[34mSELECT "secrets".* FROM "secrets"[0m
  Rendered secrets/_secret.json.jbuilder (0.6ms)
  Rendered secrets/_secret.json.jbuilder (0.3ms)
  Rendered secrets/index.json.jbuilder (3.2ms)
Completed 200 OK in 9ms (Views: 7.0ms | ActiveRecord: 0.1ms)


Started GET "/secrets.json" for 127.0.0.1 at 2018-02-06 10:34:49 +1100
Processing by SecretsController#index as JSON
  Rendering secrets/index.json.jbuilder
  [1m[36mSecret Load (0.1ms)[0m  [1m[34mSELECT "secrets".* FROM "secrets"[0m
  Rendered secrets/_secret.json.jbuilder (0.6ms)
  Rendered secrets/_secret.json.jbuilder (0.3ms)
  Rendered secrets/index.json.jbuilder (3.2ms)
Completed 200 OK in 8ms (Views: 6.8ms | ActiveRecord: 0.1ms)


Started GET "/secrets.json" for 127.0.0.1 at 2018-02-06 10:34:49 +1100
Processing by SecretsController#index as JSON
  Rendering secrets/index.json.jbuilder
  [1m[36mSecret Load (0.2ms)[0m  [1m[34mSELECT "secrets".* FROM "secrets"[0m
  Rendered secrets/_secret.json.jbuilder (1.4ms)
  Rendered secrets/_secret.json.jbuilder (1.2ms)
  Rendered secrets/index.json.jbuilder (6.1ms)
Completed 200 OK in 16ms (Views: 13.8ms | ActiveRecord: 0.2ms)


Started GET "/secrets.json" for 127.0.0.1 at 2018-02-06 10:34:49 +1100
Processing by SecretsController#index as JSON
  Rendering secrets/index.json.jbuilder
  [1m[36mSecret Load (0.2ms)[0m  [1m[34mSELECT "secrets".* FROM "secrets"[0m
  Rendered secrets/_secret.json.jbuilder (1.1ms)
  Rendered secrets/_secret.json.jbuilder (0.3ms)
  Rendered secrets/index.json.jbuilder (5.4ms)
Completed 200 OK in 15ms (Views: 10.4ms | ActiveRecord: 0.2ms)


Started GET "/secrets.json" for 127.0.0.1 at 2018-02-06 10:34:49 +1100
Processing by SecretsController#index as JSON
  Rendering secrets/index.json.jbuilder
  [1m[36mSecret Load (0.1ms)[0m  [1m[34mSELECT "secrets".* FROM "secrets"[0m
  Rendered secrets/_secret.json.jbuilder (0.8ms)
  Rendered secrets/_secret.json.jbuilder (0.2ms)
  Rendered secrets/index.json.jbuilder (3.9ms)
Completed 200 OK in 9ms (Views: 7.9ms | ActiveRecord: 0.1ms)


Started GET "/secrets.json" for 127.0.0.1 at 2018-02-06 10:34:49 +1100
Processing by SecretsController#index as JSON
  Rendering secrets/index.json.jbuilder
  [1m[36mSecret Load (0.1ms)[0m  [1m[34mSELECT "secrets".* FROM "secrets"[0m
  Rendered secrets/_secret.json.jbuilder (1.1ms)
  Rendered secrets/_secret.json.jbuilder (0.3ms)
  Rendered secrets/index.json.jbuilder (5.9ms)
Completed 200 OK in 12ms (Views: 10.2ms | ActiveRecord: 0.1ms)


Started GET "/secrets.json" for 127.0.0.1 at 2018-02-06 10:34:50 +1100
Processing by SecretsController#index as JSON
  Rendering secrets/index.json.jbuilder
  [1m[36mSecret Load (0.1ms)[0m  [1m[34mSELECT "secrets".* FROM "secrets"[0m
  Rendered secrets/_secret.json.jbuilder (1.0ms)
  Rendered secrets/_secret.json.jbuilder (0.3ms)
  Rendered secrets/index.json.jbuilder (4.9ms)
Completed 200 OK in 11ms (Views: 9.9ms | ActiveRecord: 0.1ms)


Started GET "/secrets.json" for 127.0.0.1 at 2018-02-06 10:35:49 +1100
Processing by SecretsController#index as JSON
  Rendering secrets/index.json.jbuilder
  [1m[36mSecret Load (0.2ms)[0m  [1m[34mSELECT "secrets".* FROM "secrets"[0m
  Rendered secrets/_secret.json.jbuilder (0.5ms)
  Rendered secrets/_secret.json.jbuilder (0.2ms)
  Rendered secrets/index.json.jbuilder (4.9ms)
Completed 200 OK in 11ms (Views: 9.3ms | ActiveRecord: 0.2ms)


Started GET "/secrets.json" for 127.0.0.1 at 2018-02-06 10:37:06 +1100
Processing by SecretsController#index as JSON
  Rendering secrets/index.json.jbuilder
  [1m[36mSecret Load (0.1ms)[0m  [1m[34mSELECT "secrets".* FROM "secrets"[0m
  Rendered secrets/_secret.json.jbuilder (1.6ms)
  Rendered secrets/_secret.json.jbuilder (1.0ms)
  Rendered secrets/index.json.jbuilder (5.6ms)
Completed 200 OK in 11ms (Views: 9.8ms | ActiveRecord: 0.1ms)


Started GET "/secrets.json" for 127.0.0.1 at 2018-02-06 10:37:56 +1100
Processing by SecretsController#index as JSON
  Rendering secrets/index.json.jbuilder
  [1m[36mSecret Load (0.2ms)[0m  [1m[34mSELECT "secrets".* FROM "secrets"[0m
  Rendered secrets/_secret.json.jbuilder (0.6ms)
  Rendered secrets/_secret.json.jbuilder (0.2ms)
  Rendered secrets/index.json.jbuilder (6.2ms)
Completed 200 OK in 17ms (Views: 15.0ms | ActiveRecord: 0.2ms)


Started GET "/secrets.json" for 127.0.0.1 at 2018-02-06 10:39:59 +1100
Processing by SecretsController#index as JSON
  Rendering secrets/index.json.jbuilder
  [1m[36mSecret Load (0.1ms)[0m  [1m[34mSELECT "secrets".* FROM "secrets"[0m
  Rendered secrets/_secret.json.jbuilder (1.1ms)
  Rendered secrets/_secret.json.jbuilder (0.2ms)
  Rendered secrets/index.json.jbuilder (5.3ms)
Completed 200 OK in 12ms (Views: 9.4ms | ActiveRecord: 0.1ms)


Started GET "/secrets.json" for 127.0.0.1 at 2018-02-06 10:40:04 +1100
Processing by SecretsController#index as JSON
  Rendering secrets/index.json.jbuilder
  [1m[36mSecret Load (0.1ms)[0m  [1m[34mSELECT "secrets".* FROM "secrets"[0m
  Rendered secrets/_secret.json.jbuilder (0.7ms)
  Rendered secrets/_secret.json.jbuilder (0.3ms)
  Rendered secrets/index.json.jbuilder (5.7ms)
Completed 200 OK in 13ms (Views: 10.8ms | ActiveRecord: 0.1ms)


Started GET "/secrets.json" for 127.0.0.1 at 2018-02-06 10:54:21 +1100
Processing by SecretsController#index as JSON
  Rendering secrets/index.json.jbuilder
  [1m[36mSecret Load (1.1ms)[0m  [1m[34mSELECT "secrets".* FROM "secrets"[0m
  Rendered secrets/_secret.json.jbuilder (12.0ms)
  Rendered secrets/_secret.json.jbuilder (3.4ms)
  Rendered secrets/index.json.jbuilder (43.8ms)
Completed 200 OK in 63ms (Views: 56.8ms | ActiveRecord: 1.1ms)


